
==================================================
🚀 批量抗干扰测试开始于: 2026-01-09 01:21:44
==================================================
Exp_ID     | Condition    | Accuracy  
----------------------------------------

▶ 正在处理实验: 022

==================================================
🚀 批量抗干扰测试开始于: 2026-01-09 01:22:04
==================================================
Exp_ID     | Condition    | Accuracy  
----------------------------------------

▶ 正在处理实验: 022
022,Clean,90.72
022,+20dB,79.24
022,+10dB,19.91
022,+5dB,15.48
022,0dB,15.93
022,-5dB,22.62

▶ 正在处理实验: 122
122,Clean,94.77
122,+20dB,90.08
122,+10dB,32.46
122,+5dB,14.08
122,0dB,14.04
122,-5dB,17.41

▶ 正在处理实验: 202

==================================================
🚀 批量抗干扰测试开始于: 2026-01-09 01:45:49
==================================================
Exp_ID     | Condition    | Accuracy  
----------------------------------------

▶ 正在处理实验: 022
022,Clean,90.72
022,+20dB,54.91
022,+10dB,20.14
022,+5dB,15.69
022,0dB,15.89
022,-5dB,16.01

▶ 正在处理实验: 122
122,Clean,94.77
122,+20dB,59.80
122,+10dB,34.37
122,+5dB,24.22
122,0dB,18.42
122,-5dB,16.87

▶ 正在处理实验: 202
202,Clean,94.81
202,+20dB,58.20
202,+10dB,34.77
202,+5dB,24.36
202,0dB,19.02
202,-5dB,17.64

▶ 正在处理实验: 212
212,Clean,95.16
212,+20dB,62.75
212,+10dB,39.68
212,+5dB,28.92
212,0dB,23.19
212,-5dB,19.73

▶ 正在处理实验: 220
220,Clean,95.13
220,+20dB,59.48
220,+10dB,27.39
220,+5dB,17.66
220,0dB,15.77
220,-5dB,20.27

▶ 正在处理实验: 221
221,Clean,94.57
221,+20dB,57.39
221,+10dB,33.40
221,+5dB,27.54
221,0dB,24.15
221,-5dB,23.06

▶ 正在处理实验: 222
222,Clean,96.04
222,+20dB,64.21
222,+10dB,33.13
222,+5dB,24.06
222,0dB,19.14
222,-5dB,16.87

==================================================
✅ 所有实验结束. 结果已保存至 kgr.log
==================================================
